<?xml version="1.0" encoding="UTF-8"?>
<!-- Generated by org.testng.reporters.JUnitReportReporter -->
<testsuite hostname="php" failures="0" tests="1" name="dd_tests.verifyGoogleProducts" time="38.040" errors="0" timestamp="2021-02-05T15:10:09 IST" skipped="0">
  <testcase classname="dd_tests.verifyGoogleProducts" name="GoogleProductsVerification" time="38.040"/>
  <system-out/>
</testsuite> <!-- dd_tests.verifyGoogleProducts -->
