<?xml version="1.0" encoding="UTF-8"?>
<!-- Generated by org.testng.reporters.JUnitReportReporter -->
<testsuite hostname="php" failures="0" tests="1" name="dd_tests.verifyMyAccount" time="18.228" errors="0" timestamp="2021-02-04T19:52:43 IST" skipped="0">
  <testcase classname="dd_tests.verifyMyAccount" name="verifyMyAccountApp" time="18.228"/>
  <system-out/>
</testsuite> <!-- dd_tests.verifyMyAccount -->
