<?xml version="1.0" encoding="UTF-8"?>
<!-- Generated by org.testng.reporters.JUnitReportReporter -->
<testsuite hostname="php" failures="0" tests="1" name="dd_tests.verifyYoutube" time="38.517" errors="0" timestamp="2021-02-04T19:52:44 IST" skipped="0">
  <testcase classname="dd_tests.verifyYoutube" name="verifyYoutubeApp" time="38.517"/>
  <system-out/>
</testsuite> <!-- dd_tests.verifyYoutube -->
