<?xml version="1.0" encoding="UTF-8"?>
<!-- Generated by org.testng.reporters.JUnitReportReporter -->
<testsuite hostname="php" failures="0" tests="1" name="dd_tests.LoginTest" time="13.582" errors="0" timestamp="2021-02-03T18:02:58 IST" skipped="0">
  <testcase classname="dd_tests.LoginTest" name="doLogin" time="13.582"/>
  <system-out/>
</testsuite> <!-- dd_tests.LoginTest -->
