<?xml version="1.0" encoding="UTF-8"?>
<!-- Generated by org.testng.reporters.JUnitReportReporter -->
<testsuite hostname="php" failures="0" tests="1" name="dd_tests.verifyGooglePage" time="40.727" errors="0" timestamp="2021-02-05T15:10:09 IST" skipped="0">
  <testcase classname="dd_tests.verifyGooglePage" name="verifyGooglePageLaunching" time="40.727"/>
  <system-out/>
</testsuite> <!-- dd_tests.verifyGooglePage -->
