<?xml version="1.0" encoding="UTF-8"?>
<!-- Generated by org.testng.reporters.JUnitReportReporter -->
<testsuite hostname="php" failures="0" tests="1" name="dd_tests.verifyLanguageLinksGooglePage" time="10.901" errors="0" timestamp="2021-02-04T19:52:44 IST" skipped="0">
  <testcase classname="dd_tests.verifyLanguageLinksGooglePage" name="LanguageLinksVerifiaction" time="10.901"/>
  <system-out/>
</testsuite> <!-- dd_tests.verifyLanguageLinksGooglePage -->
