<?xml version="1.0" encoding="UTF-8"?>
<!-- Generated by org.testng.reporters.JUnitReportReporter -->
<testsuite hostname="php" failures="0" tests="1" name="dd_tests.verifyNews" time="19.094" errors="0" timestamp="2021-02-04T19:52:44 IST" skipped="0">
  <testcase classname="dd_tests.verifyNews" name="verifyNewsApp" time="19.094"/>
  <system-out/>
</testsuite> <!-- dd_tests.verifyNews -->
